<?xml version="1.0" encoding="UTF-8"?>
<testsuite name="CallGraphTest" tests="2" skipped="0" failures="0" errors="0" timestamp="2020-02-04T06:19:34" hostname="ubuntu" time="0.012">
  <properties/>
  <testcase name="testTruth" classname="CallGraphTest" time="0.001"/>
  <testcase name="testExpressionVisitor" classname="CallGraphTest" time="0.008"/>
  <system-out><![CDATA[]]></system-out>
  <system-err><![CDATA[]]></system-err>
</testsuite>
